Starting AssetCooker...
OPENCL ACCELERATION IS NOT AVAILABLE!  Your cooks will be SLOOOOWWW!  Please inform an engineer.
XLP cook starting...
\\WDMYCLOUD\Sam\Projects\Modding\Civ VI\IdeaProjects\GitHub\CIVITAS-Philippines\CIVITAS Philippines\CIVITAS Kalangitan\XLPs\Tilebases.xlp
Opened output file: D:\Documents\my games\Sid Meier's Civilization VI\Mods\Mods\CIVITAS Kalangitan\Platforms\MacOS\BLPs/landmarks/tilebases.blp    For XLP: '\\WDMYCLOUD\Sam\Projects\Modding\Civ VI\IdeaProjects\GitHub\CIVITAS-Philippines\CIVITAS Philippines\CIVITAS Kalangitan\XLPs\Tilebases.xlp'
Could not load digest key: ''.  Using mod key to sign BLP.
Starting 'landmarks/tilebases'
Load finished for: 'landmarks/tilebases' in 0.598 seconds
Asset "IMP_CPG_Kalangitan_UI" has AttachmentPoint "Jungle_Plant_01_Bld02" on a bone with non-uniform scaling (0.331, 0.331, 0.229) (1/31)
Asset "IMP_CPG_Kalangitan_UI" has AttachmentPoint "VIL_Tribal_Thatch_Torch_A003" on a bone with non-uniform scaling (0.717, 0.717, 0.294) (2/36)
Asset "IMP_CPG_Kalangitan_UI" has AttachmentPoint "VIL_Tribal_Thatch_Torch_A002" on a bone with non-uniform scaling (0.717, 0.717, 0.294) (3/37)
Asset "IMP_CPG_Kalangitan_UI" has AttachmentPoint "VIL_Tribal_Thatch_Torch_A001" on a bone with non-uniform scaling (0.717, 0.717, 0.294) (4/38)
Asset "IMP_CPG_Kalangitan_UI" has AttachmentPoint "VIL_Tribal_Thatch_Torch_A" on a bone with non-uniform scaling (0.717, 0.717, 0.294) (5/39)
Asset "IMP_CPG_Kalangitan_UI_02" has AttachmentPoint "VIL_Tribal_Thatch_Torch_A004" on a bone with non-uniform scaling (0.717, 0.717, 0.294) (6/65)
Asset "IMP_CPG_Kalangitan_UI_02" has AttachmentPoint "VIL_Tribal_Thatch_Torch_A005" on a bone with non-uniform scaling (0.717, 0.717, 0.294) (7/69)
Asset "IMP_CPG_Kalangitan_UI_02" has AttachmentPoint "VIL_Tribal_Thatch_Torch_A006" on a bone with non-uniform scaling (0.717, 0.717, 0.294) (8/71)
Asset "IMP_CPG_Kalangitan_UI_02" has AttachmentPoint "VIL_Tribal_Thatch_Torch_A007" on a bone with non-uniform scaling (0.717, 0.717, 0.294) (9/78)
Asset "IMP_CPG_Kalangitan_UI_02" has AttachmentPoint "Jungle_Plant_01_Bld012" on a bone with non-uniform scaling (0.331, 0.331, 0.229) (10/79)
Asset "IMP_CPG_Kalangitan_UI_03" has AttachmentPoint "VIL_Tribal_Thatch_Torch_A008" on a bone with non-uniform scaling (0.717, 0.717, 0.294) (11/109)
Asset "IMP_CPG_Kalangitan_UI_03" has AttachmentPoint "VIL_Tribal_Thatch_Torch_A009" on a bone with non-uniform scaling (0.717, 0.717, 0.294) (12/113)
Asset "IMP_CPG_Kalangitan_UI_03" has AttachmentPoint "VIL_Tribal_Thatch_Torch_A010" on a bone with non-uniform scaling (0.717, 0.717, 0.294) (13/115)
Asset "IMP_CPG_Kalangitan_UI_03" has AttachmentPoint "VIL_Tribal_Thatch_Torch_A011" on a bone with non-uniform scaling (0.717, 0.717, 0.294) (14/122)
Asset "IMP_CPG_Kalangitan_UI_03" has AttachmentPoint "Jungle_Plant_01_Bld019" on a bone with non-uniform scaling (0.331, 0.331, 0.229) (15/123)
Cook finished for: 'landmarks/tilebases' in 0.003 seconds
Disk write finished for: 'landmarks/tilebases' in 0.149 seconds
Cleanup finished for: 'landmarks/tilebases' in 0.003 seconds
XLP cook completed with success.
Cook completed in 0.869 seconds